# JRE version: Java(TM) SE Runtime Environment (8.0_191-b12) (build 1.8.0_191-b12)
# Java VM: Java HotSpot(TM) 64-Bit Server VM (25.191-b12 mixed mode bsd-amd64 compressed oops)
Heap:
 PSYoungGen      total 365568K, used 278341K [0x000000076ab00000, 0x0000000785a00000, 0x00000007c0000000)
  eden space 338944K, 76% used [0x000000076ab00000,0x000000077a821238,0x000000077f600000)
  from space 26624K, 71% used [0x000000077f600000,0x00000007808b01d8,0x0000000781000000)
  to   space 27648K, 44% used [0x0000000783f00000,0x0000000784b180a0,0x0000000785a00000)
 ParOldGen       total 227840K, used 43870K [0x00000006c0000000, 0x00000006cde80000, 0x000000076ab00000)
  object space 227840K, 19% used [0x00000006c0000000,0x00000006c2ad78c0,0x00000006cde80000)
 Metaspace       used 66880K, capacity 70686K, committed 70912K, reserved 1110016K
  class space    used 9112K, capacity 9716K, committed 9728K, reserved 1048576K
GC Heap History (10 events):
Event: 42.100 GC heap after
Heap after GC invocations=15 (full 3):
 PSYoungGen      total 359424K, used 20665K [0x000000076ab00000, 0x0000000782c00000, 0x00000007c0000000)
  eden space 338432K, 0% used [0x000000076ab00000,0x000000076ab00000,0x000000077f580000)
  from space 20992K, 98% used [0x0000000781780000,0x0000000782bae5c8,0x0000000782c00000)
  to   space 26624K, 0% used [0x000000077f800000,0x000000077f800000,0x0000000781200000)
 ParOldGen       total 227840K, used 40348K [0x00000006c0000000, 0x00000006cde80000, 0x000000076ab00000)
  object space 227840K, 17% used [0x00000006c0000000,0x00000006c2767058,0x00000006cde80000)
 Metaspace       used 64940K, capacity 68302K, committed 68480K, reserved 1107968K
  class space    used 8907K, capacity 9484K, committed 9600K, reserved 1048576K
}
Event: 63.317 GC heap before
{Heap before GC invocations=16 (full 3):
 PSYoungGen      total 359424K, used 72716K [0x000000076ab00000, 0x0000000782c00000, 0x00000007c0000000)
  eden space 338432K, 15% used [0x000000076ab00000,0x000000076ddd4dd8,0x000000077f580000)
  from space 20992K, 98% used [0x0000000781780000,0x0000000782bae5c8,0x0000000782c00000)
  to   space 26624K, 0% used [0x000000077f800000,0x000000077f800000,0x0000000781200000)
 ParOldGen       total 227840K, used 40348K [0x00000006c0000000, 0x00000006cde80000, 0x000000076ab00000)
  object space 227840K, 17% used [0x00000006c0000000,0x00000006c2767058,0x00000006cde80000)
 Metaspace       used 65133K, capacity 68550K, committed 68736K, reserved 1107968K
  class space    used 8937K, capacity 9495K, committed 9600K, reserved 1048576K
Event: 63.332 GC heap after
Heap after GC invocations=16 (full 3):
 PSYoungGen      total 356352K, used 17904K [0x000000076ab00000, 0x0000000782a80000, 0x00000007c0000000)
  eden space 338432K, 0% used [0x000000076ab00000,0x000000076ab00000,0x000000077f580000)
  from space 17920K, 99% used [0x000000077f800000,0x000000078097c160,0x0000000780980000)
  to   space 27136K, 0% used [0x0000000781000000,0x0000000781000000,0x0000000782a80000)
 ParOldGen       total 227840K, used 40356K [0x00000006c0000000, 0x00000006cde80000, 0x000000076ab00000)
  object space 227840K, 17% used [0x00000006c0000000,0x00000006c2769058,0x00000006cde80000)
 Metaspace       used 65133K, capacity 68550K, committed 68736K, reserved 1107968K
  class space    used 8937K, capacity 9495K, committed 9600K, reserved 1048576K
}
Event: 63.332 GC heap before
{Heap before GC invocations=17 (full 4):
 PSYoungGen      total 356352K, used 17904K [0x000000076ab00000, 0x0000000782a80000, 0x00000007c0000000)
  eden space 338432K, 0% used [0x000000076ab00000,0x000000076ab00000,0x000000077f580000)
  from space 17920K, 99% used [0x000000077f800000,0x000000078097c160,0x0000000780980000)
  to   space 27136K, 0% used [0x0000000781000000,0x0000000781000000,0x0000000782a80000)
 ParOldGen       total 227840K, used 40356K [0x00000006c0000000, 0x00000006cde80000, 0x000000076ab00000)
  object space 227840K, 17% used [0x00000006c0000000,0x00000006c2769058,0x00000006cde80000)
 Metaspace       used 65133K, capacity 68550K, committed 68736K, reserved 1107968K
  class space    used 8937K, capacity 9495K, committed 9600K, reserved 1048576K
Event: 63.512 GC heap after
Heap after GC invocations=17 (full 4):
 PSYoungGen      total 356352K, used 0K [0x000000076ab00000, 0x0000000782a80000, 0x00000007c0000000)
  eden space 338432K, 0% used [0x000000076ab00000,0x000000076ab00000,0x000000077f580000)
  from space 17920K, 0% used [0x000000077f800000,0x000000077f800000,0x0000000780980000)
  to   space 27136K, 0% used [0x0000000781000000,0x0000000781000000,0x0000000782a80000)
 ParOldGen       total 227840K, used 43846K [0x00000006c0000000, 0x00000006cde80000, 0x000000076ab00000)
  object space 227840K, 19% used [0x00000006c0000000,0x00000006c2ad18c0,0x00000006cde80000)
 Metaspace       used 65133K, capacity 68550K, committed 68736K, reserved 1107968K
  class space    used 8937K, capacity 9495K, committed 9600K, reserved 1048576K
}
Event: 64.893 GC heap before
{Heap before GC invocations=18 (full 4):
 PSYoungGen      total 356352K, used 338432K [0x000000076ab00000, 0x0000000782a80000, 0x00000007c0000000)
  eden space 338432K, 100% used [0x000000076ab00000,0x000000077f580000,0x000000077f580000)
  from space 17920K, 0% used [0x000000077f800000,0x000000077f800000,0x0000000780980000)
  to   space 27136K, 0% used [0x0000000781000000,0x0000000781000000,0x0000000782a80000)
 ParOldGen       total 227840K, used 43846K [0x00000006c0000000, 0x00000006cde80000, 0x000000076ab00000)
  object space 227840K, 19% used [0x00000006c0000000,0x00000006c2ad18c0,0x00000006cde80000)
 Metaspace       used 66114K, capacity 69590K, committed 69888K, reserved 1110016K
  class space    used 9035K, capacity 9613K, committed 9728K, reserved 1048576K
Event: 64.904 GC heap after
Heap after GC invocations=18 (full 4):
 PSYoungGen      total 366080K, used 15701K [0x000000076ab00000, 0x0000000785b80000, 0x00000007c0000000)
  eden space 338944K, 0% used [0x000000076ab00000,0x000000076ab00000,0x000000077f600000)
  from space 27136K, 57% used [0x0000000781000000,0x0000000781f55498,0x0000000782a80000)
  to   space 26624K, 0% used [0x000000077f600000,0x000000077f600000,0x0000000781000000)
 ParOldGen       total 227840K, used 43854K [0x00000006c0000000, 0x00000006cde80000, 0x000000076ab00000)
  object space 227840K, 19% used [0x00000006c0000000,0x00000006c2ad38c0,0x00000006cde80000)
 Metaspace       used 66114K, capacity 69590K, committed 69888K, reserved 1110016K
  class space    used 9035K, capacity 9613K, committed 9728K, reserved 1048576K
}
Event: 66.144 GC heap before
{Heap before GC invocations=19 (full 4):
 PSYoungGen      total 366080K, used 354645K [0x000000076ab00000, 0x0000000785b80000, 0x00000007c0000000)
  eden space 338944K, 100% used [0x000000076ab00000,0x000000077f600000,0x000000077f600000)
  from space 27136K, 57% used [0x0000000781000000,0x0000000781f55498,0x0000000782a80000)
  to   space 26624K, 0% used [0x000000077f600000,0x000000077f600000,0x0000000781000000)
 ParOldGen       total 227840K, used 43854K [0x00000006c0000000, 0x00000006cde80000, 0x000000076ab00000)
  object space 227840K, 19% used [0x00000006c0000000,0x00000006c2ad38c0,0x00000006cde80000)
 Metaspace       used 66718K, capacity 70262K, committed 70400K, reserved 1110016K
  class space    used 9078K, capacity 9655K, committed 9728K, reserved 1048576K
Event: 66.151 GC heap after
Heap after GC invocations=19 (full 4):
 PSYoungGen      total 365568K, used 19136K [0x000000076ab00000, 0x0000000785a00000, 0x00000007c0000000)
  eden space 338944K, 0% used [0x000000076ab00000,0x000000076ab00000,0x000000077f600000)
  from space 26624K, 71% used [0x000000077f600000,0x00000007808b01d8,0x0000000781000000)
  to   space 27648K, 0% used [0x0000000783f00000,0x0000000783f00000,0x0000000785a00000)
 ParOldGen       total 227840K, used 43862K [0x00000006c0000000, 0x00000006cde80000, 0x000000076ab00000)
  object space 227840K, 19% used [0x00000006c0000000,0x00000006c2ad58c0,0x00000006cde80000)
 Metaspace       used 66718K, capacity 70262K, committed 70400K, reserved 1110016K
  class space    used 9078K, capacity 9655K, committed 9728K, reserved 1048576K
}
Event: 100.790 GC heap before
{Heap before GC invocations=20 (full 4):
 PSYoungGen      total 365568K, used 278341K [0x000000076ab00000, 0x0000000785a00000, 0x00000007c0000000)
  eden space 338944K, 76% used [0x000000076ab00000,0x000000077a821238,0x000000077f600000)
  from space 26624K, 71% used [0x000000077f600000,0x00000007808b01d8,0x0000000781000000)
  to   space 27648K, 0% used [0x0000000783f00000,0x0000000783f00000,0x0000000785a00000)
 ParOldGen       total 227840K, used 43862K [0x00000006c0000000, 0x00000006cde80000, 0x000000076ab00000)
  object space 227840K, 19% used [0x00000006c0000000,0x00000006c2ad58c0,0x00000006cde80000)
 Metaspace       used 66880K, capacity 70686K, committed 70912K, reserved 1110016K
  class space    used 9112K, capacity 9716K, committed 9728K, reserved 1048576K

